Using pre-set license
Built from '2021.1/release' branch; Version is '2021.1.1f1 (6fdc41dfa55a) revision 7330881'; Using compiler version '192528614'; Build Type 'Release'
OS: 'Windows 10 Home; OS build 19042.1288; Version 2009; 64bit' Language: 'en' Physical Memory: 6082 MB
BatchMode: 1, IsHumanControllingUs: 0, StartBugReporterOnCrash: 0, Is64bit: 1, IsPro: 0

 COMMAND LINE ARGUMENTS:
C:\Users\joeba\Documents\Game Dev\Unity\Versions\2021.1.1f1\Editor\Unity.exe
-adb2
-batchMode
-noUpm
-name
AssetImportWorker0
-projectPath
C:/Users/joeba/Documents/Game Dev/Unity/Unity Projects/Unity-Custom-Frameworks
-logFile
Logs/AssetImportWorker0.log
-srvPort
56396
Successfully changed project path to: C:/Users/joeba/Documents/Game Dev/Unity/Unity Projects/Unity-Custom-Frameworks
C:/Users/joeba/Documents/Game Dev/Unity/Unity Projects/Unity-Custom-Frameworks
Using Asset Import Pipeline V2.
Refreshing native plugins compatible for Editor in 110.58 ms, found 1 plugins.
Preloading 0 native plugins for Editor in 0.00 ms.
Initialize engine version: 2021.1.1f1 (6fdc41dfa55a)
[Subsystems] Discovering subsystems at path C:/Users/joeba/Documents/Game Dev/Unity/Versions/2021.1.1f1/Editor/Data/Resources/UnitySubsystems
[Subsystems] Discovering subsystems at path C:/Users/joeba/Documents/Game Dev/Unity/Unity Projects/Unity-Custom-Frameworks/Assets
GfxDevice: creating device client; threaded=0; jobified=0
Direct3D:
    Version:  Direct3D 11.0 [level 11.1]
    Renderer: AMD Radeon(TM) Vega 8 Graphics (ID=0x15d8)
    Vendor:   ATI
    VRAM:     3041 MB
    Driver:   26.20.14048.2
Initialize mono
Mono path[0] = 'C:/Users/joeba/Documents/Game Dev/Unity/Versions/2021.1.1f1/Editor/Data/Managed'
Mono path[1] = 'C:/Users/joeba/Documents/Game Dev/Unity/Versions/2021.1.1f1/Editor/Data/MonoBleedingEdge/lib/mono/unityjit'
Mono config path = 'C:/Users/joeba/Documents/Game Dev/Unity/Versions/2021.1.1f1/Editor/Data/MonoBleedingEdge/etc'
Using monoOptions --debugger-agent=transport=dt_socket,embedding=1,server=y,suspend=n,address=127.0.0.1:56636
Begin MonoManager ReloadAssembly
Registering precompiled unity dll's ...
Register platform support module: C:/Users/joeba/Documents/Game Dev/Unity/Versions/2021.1.1f1/Editor/Data/PlaybackEngines/WebGLSupport/UnityEditor.WebGL.Extensions.dll
Register platform support module: C:/Users/joeba/Documents/Game Dev/Unity/Versions/2021.1.1f1/Editor/Data/PlaybackEngines/MacStandaloneSupport/UnityEditor.OSXStandalone.Extensions.dll
Register platform support module: C:/Users/joeba/Documents/Game Dev/Unity/Versions/2021.1.1f1/Editor/Data/PlaybackEngines/WindowsStandaloneSupport/UnityEditor.WindowsStandalone.Extensions.dll
Registered in 0.012169 seconds.
Native extension for WindowsStandalone target not found
Native extension for OSXStandalone target not found
Native extension for WebGL target not found
Refreshing native plugins compatible for Editor in 214.70 ms, found 1 plugins.
Preloading 0 native plugins for Editor in 0.00 ms.
Mono: successfully reloaded assembly
- Completed reload, in  6.434 seconds
Platform modules already initialized, skipping
Registering precompiled user dll's ...
Registered in 0.014875 seconds.
Begin MonoManager ReloadAssembly
Native extension for WindowsStandalone target not found
Native extension for OSXStandalone target not found
Native extension for WebGL target not found
Refreshing native plugins compatible for Editor in 0.89 ms, found 1 plugins.
Preloading 0 native plugins for Editor in 0.00 ms.
Mono: successfully reloaded assembly
- Completed reload, in  2.831 seconds
Platform modules already initialized, skipping
========================================================================
Worker process is ready to serve import requests
Launched and connected shader compiler UnityShaderCompiler.exe after 0.07 seconds
Refreshing native plugins compatible for Editor in 0.98 ms, found 1 plugins.
Preloading 0 native plugins for Editor in 0.00 ms.
Unloading 2678 Unused Serialized files (Serialized files now loaded: 0)
System memory in use before: 99.2 MB.
System memory in use after: 99.4 MB.

Unloading 15 unused Assets to reduce memory usage. Loaded Objects now: 3130.
Total: 4.922100 ms (FindLiveObjects: 0.643600 ms CreateObjectMapping: 0.499900 ms MarkObjects: 3.652600 ms  DeleteObjects: 0.122200 ms)

========================================================================
Received Import Request.
  path: Assets/Scripts/Finite State Machine
  artifactKey: Guid(e65135a2f0e8acb4983ae65fba77b8b8) Importer(815301076,1909f56bfc062723c751e8b465ee728b)
Start importing Assets/Scripts/Finite State Machine using Guid(e65135a2f0e8acb4983ae65fba77b8b8) Importer(815301076,1909f56bfc062723c751e8b465ee728b)  -> (artifact id: 'da3a30be8770679ad27904c50909ef1a') in 0.034130 seconds 
========================================================================
Received Import Request.
  Time since last request: 119.148677 seconds.
  path: Assets/Scripts/Finite State Machine/State.cs
  artifactKey: Guid(139a1d44ac61a4c41a972671623b2de2) Importer(815301076,1909f56bfc062723c751e8b465ee728b)
Start importing Assets/Scripts/Finite State Machine/State.cs using Guid(139a1d44ac61a4c41a972671623b2de2) Importer(815301076,1909f56bfc062723c751e8b465ee728b)  -> (artifact id: '654212623962ad6d80bc1cb6eb854588') in 0.124210 seconds 
========================================================================
Received Import Request.
  Time since last request: 11728.427530 seconds.
  path: Assets/Scripts/Finite State Machine/State.cs
  artifactKey: Guid(139a1d44ac61a4c41a972671623b2de2) Importer(815301076,1909f56bfc062723c751e8b465ee728b)
Start importing Assets/Scripts/Finite State Machine/State.cs using Guid(139a1d44ac61a4c41a972671623b2de2) Importer(815301076,1909f56bfc062723c751e8b465ee728b)  -> (artifact id: '6d260fd9ce1bc32c6914e3056d267bc0') in 0.032369 seconds 
========================================================================
Received Import Request.
  Time since last request: 39.658920 seconds.
  path: Assets/Scripts/Finite State Machine/StateMachine.cs
  artifactKey: Guid(23c8dd51aea85e341b5e613905085b09) Importer(815301076,1909f56bfc062723c751e8b465ee728b)
Start importing Assets/Scripts/Finite State Machine/StateMachine.cs using Guid(23c8dd51aea85e341b5e613905085b09) Importer(815301076,1909f56bfc062723c751e8b465ee728b)  -> (artifact id: 'c2b8eb0ae28bcf816c437f913592d1f2') in 0.020742 seconds 
========================================================================
Received Import Request.
  Time since last request: 91.008529 seconds.
  path: Assets/Scripts/Finite State Machine/Transition.cs
  artifactKey: Guid(befc4c3ba51ff2544ab45b04059f2730) Importer(815301076,1909f56bfc062723c751e8b465ee728b)
Start importing Assets/Scripts/Finite State Machine/Transition.cs using Guid(befc4c3ba51ff2544ab45b04059f2730) Importer(815301076,1909f56bfc062723c751e8b465ee728b)  -> (artifact id: 'bb98e3e14af9b65a9c111c729290c4c2') in 0.016438 seconds 
========================================================================
Received Prepare
Registering precompiled user dll's ...
Registered in 0.006685 seconds.
Begin MonoManager ReloadAssembly
Native extension for WindowsStandalone target not found
Native extension for OSXStandalone target not found
Native extension for WebGL target not found
Refreshing native plugins compatible for Editor in 0.70 ms, found 1 plugins.
Preloading 0 native plugins for Editor in 0.00 ms.
Mono: successfully reloaded assembly
- Completed reload, in  1.308 seconds
Platform modules already initialized, skipping
